[debug] [2019-10-27T21:46:13.414Z] ----------------------------------------------------------------------
[debug] [2019-10-27T21:46:13.416Z] Command:       C:\Program Files\nodejs\node.exe C:\Users\pitre\AppData\Roaming\npm\node_modules\firebase-tools\lib\bin\firebase.js init hosting
[debug] [2019-10-27T21:46:13.416Z] CLI Version:   7.6.1
[debug] [2019-10-27T21:46:13.416Z] Platform:      win32
[debug] [2019-10-27T21:46:13.416Z] Node Version:  v10.16.2
[debug] [2019-10-27T21:46:13.417Z] Time:          Sun Oct 27 2019 22:46:13 GMT+0100 (GMT+01:00)
[debug] [2019-10-27T21:46:13.417Z] ----------------------------------------------------------------------
[debug] [2019-10-27T21:46:13.417Z] 
[debug] [2019-10-27T21:46:13.425Z] > command requires scopes: ["email","openid","https://www.googleapis.com/auth/cloudplatformprojects.readonly","https://www.googleapis.com/auth/firebase","https://www.googleapis.com/auth/cloud-platform"]
[debug] [2019-10-27T21:46:13.426Z] > authorizing via signed-in user
[info] 
     ######## #### ########  ######## ########     ###     ######  ########
     ##        ##  ##     ## ##       ##     ##  ##   ##  ##       ##
     ######    ##  ########  ######   ########  #########  ######  ######
     ##        ##  ##    ##  ##       ##     ## ##     ##       ## ##
     ##       #### ##     ## ######## ########  ##     ##  ######  ########

You're about to initialize a Firebase project in this directory:

  E:\PROGRAMOWANIE\KODILLA\END_PROJECT\red_shop

[info] 
=== Project Setup
[info] 
[info] First, let's associate this project directory with a Firebase project.
[info] You can create multiple project aliases by running firebase use --add, 
[info] but for now we'll just set up a default project.
[info] 
[info] i  If you want to create a project in a Google Cloud organization or folder, please use "firebase projects:create" instead, and return to this command when you've created the project.
[debug] [2019-10-27T21:46:42.821Z] ----------------------------------------------------------------------
[debug] [2019-10-27T21:46:42.823Z] Command:       C:\Program Files\nodejs\node.exe C:\Users\pitre\AppData\Roaming\npm\node_modules\firebase-tools\lib\bin\firebase.js init
[debug] [2019-10-27T21:46:42.824Z] CLI Version:   7.6.1
[debug] [2019-10-27T21:46:42.824Z] Platform:      win32
[debug] [2019-10-27T21:46:42.824Z] Node Version:  v10.16.2
[debug] [2019-10-27T21:46:42.825Z] Time:          Sun Oct 27 2019 22:46:42 GMT+0100 (GMT+01:00)
[debug] [2019-10-27T21:46:42.825Z] ----------------------------------------------------------------------
[debug] [2019-10-27T21:46:42.825Z] 
[debug] [2019-10-27T21:46:42.831Z] > command requires scopes: ["email","openid","https://www.googleapis.com/auth/cloudplatformprojects.readonly","https://www.googleapis.com/auth/firebase","https://www.googleapis.com/auth/cloud-platform"]
[debug] [2019-10-27T21:46:42.831Z] > authorizing via signed-in user
[info] 
     ######## #### ########  ######## ########     ###     ######  ########
     ##        ##  ##     ## ##       ##     ##  ##   ##  ##       ##
     ######    ##  ########  ######   ########  #########  ######  ######
     ##        ##  ##    ##  ##       ##     ## ##     ##       ## ##
     ##       #### ##     ## ######## ########  ##     ##  ######  ########

You're about to initialize a Firebase project in this directory:

  E:\PROGRAMOWANIE\KODILLA\END_PROJECT\red_shop

